<?xml version="1.0" encoding="UTF-8"?>
<!-- Generated by org.testng.reporters.JUnitXMLReporter -->
<testsuite ignored="8" hostname="IN-PF2NA9MA" failures="0" tests="4" name="Test" time="197.085" errors="0" timestamp="2024-08-14T10:11:46 IST">
  <testcase classname="TestComponents.PolicyDetailsTestMethods" name="MyAssignedWorkValidation" time="26.415"/>
  <testcase classname="TestComponents.PolicyDetailsTestMethods" name="MyCallHistoryValidation" time="25.965"/>
  <testcase classname="TestComponents.PolicyDetailsTestMethods" name="SearchFunctionality" time="43.358"/>
  <testcase classname="TestComponents.PolicyDetailsTestMethods" name="PolicyContractDetails" time="87.54"/>
  <testcase classname="TestComponents.PolicyDetailsTestMethods" name="PolicyRidersTab" time="0.0">
    <ignored/>
  </testcase> <!-- PolicyRidersTab -->
  <testcase classname="TestComponents.PolicyDetailsTestMethods" name="PolicyBillingTest" time="0.0">
    <ignored/>
  </testcase> <!-- PolicyBillingTest -->
  <testcase classname="TestComponents.PolicyDetailsTestMethods" name="PolicyLoansTabTest" time="0.0">
    <ignored/>
  </testcase> <!-- PolicyLoansTabTest -->
  <testcase classname="TestComponents.PolicyDetailsTestMethods" name="PolicySuspenseTabTest" time="0.0">
    <ignored/>
  </testcase> <!-- PolicySuspenseTabTest -->
  <testcase classname="TestComponents.PolicyDetailsTestMethods" name="PolicyValuesTabTest" time="0.0">
    <ignored/>
  </testcase> <!-- PolicyValuesTabTest -->
  <testcase classname="TestComponents.PolicyDetailsTestMethods" name="PolicyNOtesTabTest" time="0.0">
    <ignored/>
  </testcase> <!-- PolicyNOtesTabTest -->
  <testcase classname="TestComponents.PolicyDetailsTestMethods" name="PolicyFundsTabTest" time="0.0">
    <ignored/>
  </testcase> <!-- PolicyFundsTabTest -->
  <testcase classname="TestComponents.PolicyDetailsTestMethods" name="PolicyDetailsTest" time="0.0">
    <ignored/>
  </testcase> <!-- PolicyDetailsTest -->
</testsuite> <!-- Test -->
