<?xml version="1.0" encoding="UTF-8"?>
<!-- Generated by org.testng.reporters.JUnitXMLReporter -->
<testsuite ignored="9" hostname="IN-PF2NA9MA" failures="0" tests="0" time="0.009" errors="0" timestamp="2023-02-08T15:24:10 IST">
  <testcase classname="PanoTestComponents.PanoPolicyDetailsTest" name="wholelifeSuspenseTab" time="0.0">
    <ignored/>
  </testcase> <!-- wholelifeSuspenseTab -->
  <testcase classname="PanoTestComponents.PanoPolicyDetailsTest" name="wholeLifeBaseValuesTab" time="0.0">
    <ignored/>
  </testcase> <!-- wholeLifeBaseValuesTab -->
  <testcase classname="PanoTestComponents.PanoPolicyDetailsTest" name="wholelifeFundsTab" time="0.0">
    <ignored/>
  </testcase> <!-- wholelifeFundsTab -->
  <testcase classname="PanoTestComponents.PanoPolicyDetailsTest" name="PolicySearch" time="0.0">
    <ignored/>
  </testcase> <!-- PolicySearch -->
  <testcase classname="PanoTestComponents.PanoPolicyDetailsTest" name="wholeLifeBaseBillingTab" time="0.0">
    <ignored/>
  </testcase> <!-- wholeLifeBaseBillingTab -->
  <testcase classname="PanoTestComponents.PanoPolicyDetailsTest" name="wholeLifePolicyNfoInfoTab" time="0.0">
    <ignored/>
  </testcase> <!-- wholeLifePolicyNfoInfoTab -->
  <testcase classname="PanoTestComponents.PanoPolicyDetailsTest" name="wholeLifePolicyNOtesTab" time="0.0">
    <ignored/>
  </testcase> <!-- wholeLifePolicyNOtesTab -->
  <testcase classname="PanoTestComponents.PanoPolicyDetailsTest" name="wholelifeLoansTab" time="0.0">
    <ignored/>
  </testcase> <!-- wholelifeLoansTab -->
  <testcase classname="PanoTestComponents.PanoPolicyDetailsTest" name="wholelifeRidersTab" time="0.0">
    <ignored/>
  </testcase> <!-- wholelifeRidersTab -->
</testsuite>
