<?xml version="1.0" encoding="UTF-8"?>
<!-- Generated by org.testng.reporters.JUnitXMLReporter -->
<testsuite ignored="0" hostname="IN-PF2NA9MA" failures="1" tests="1" name="PanoFinHistTest" time="92.123" errors="0" timestamp="2023-02-08T15:25:42 IST">
  <testcase classname="PanoTestComponents.PanoFinHistTest" name="PanoFinMaTrx" time="48.327">
    <failure type="java.lang.IllegalArgumentException" message="Driver must be set">
      <![CDATA[java.lang.IllegalArgumentException: Driver must be set
at org.openqa.selenium.internal.Require.nonNull(Require.java:59)
at org.openqa.selenium.interactions.Actions.<init>(Actions.java:60)
at PanoPageObjects.PanoFinancialHistory.<init>(PanoFinancialHistory.java:14)
at PanoTestComponents.PanoFinHistTest.PanoFinMaTrx(PanoFinHistTest.java:21)
at java.base/java.util.ArrayList.forEach(ArrayList.java:1511)
... Removed 27 stack frames]]>
    </failure>
  </testcase> <!-- PanoFinMaTrx -->
</testsuite> <!-- PanoFinHistTest -->
