<?xml version="1.0" encoding="UTF-8"?>
<testng-results ignored="0" total="4" passed="4" failed="0" skipped="0">
  <reporter-output>
  </reporter-output>
  <suite started-at="2024-08-14T10:08:29 IST" name="Suite" finished-at="2024-08-14T10:11:46 IST" duration-ms="197085">
    <groups>
    </groups>
    <test started-at="2024-08-14T10:08:29 IST" name="Test" finished-at="2024-08-14T10:11:46 IST" duration-ms="197085">
      <class name="TestComponents.PolicyDetailsTestMethods">
        <test-method is-config="true" signature="regionName(java.lang.String)[pri:0, instance:TestComponents.PolicyDetailsTestMethods@2445445a]" started-at="2024-08-14T10:08:29 IST" name="regionName" finished-at="2024-08-14T10:08:29 IST" duration-ms="30" status="PASS">
          <params>
            <param index="0">
              <value>
                <![CDATA[PANODEV]]>
              </value>
            </param>
          </params>
          <reporter-output>
          </reporter-output>
        </test-method> <!-- regionName -->
        <test-method is-config="true" signature="PanoLaunchApplication()[pri:0, instance:TestComponents.PolicyDetailsTestMethods@2445445a]" started-at="2024-08-14T10:08:30 IST" name="PanoLaunchApplication" finished-at="2024-08-14T10:08:32 IST" duration-ms="2214" status="PASS">
          <reporter-output>
          </reporter-output>
        </test-method> <!-- PanoLaunchApplication -->
        <test-method signature="MyAssignedWorkValidation(java.lang.String,java.lang.String,java.lang.String,java.lang.String)[pri:0, instance:TestComponents.PolicyDetailsTestMethods@2445445a]" started-at="2024-08-14T10:08:32 IST" name="MyAssignedWorkValidation" data-provider="PolicyData" finished-at="2024-08-14T10:08:59 IST" duration-ms="26415" status="PASS">
          <params>
            <param index="0">
              <value>
                <![CDATA[https://dev.pano.csr-portal.us.insurance.dxc.com/#/]]>
              </value>
            </param>
            <param index="1">
              <value>
                <![CDATA[csruser1]]>
              </value>
            </param>
            <param index="2">
              <value>
                <![CDATA[Csrpoc1*]]>
              </value>
            </param>
            <param index="3">
              <value>
                <![CDATA[https://dev.pano.csr-portal.us.insurance.dxc.com/casemanagement/user/instances]]>
              </value>
            </param>
          </params>
          <reporter-output>
          </reporter-output>
        </test-method> <!-- MyAssignedWorkValidation -->
        <test-method is-config="true" signature="BrowserClose()[pri:0, instance:TestComponents.PolicyDetailsTestMethods@2445445a]" started-at="2024-08-14T10:08:59 IST" name="BrowserClose" finished-at="2024-08-14T10:08:59 IST" duration-ms="243" status="PASS">
          <reporter-output>
          </reporter-output>
        </test-method> <!-- BrowserClose -->
        <test-method is-config="true" signature="PanoLaunchApplication()[pri:0, instance:TestComponents.PolicyDetailsTestMethods@2445445a]" started-at="2024-08-14T10:08:59 IST" name="PanoLaunchApplication" finished-at="2024-08-14T10:09:01 IST" duration-ms="1696" status="PASS">
          <reporter-output>
          </reporter-output>
        </test-method> <!-- PanoLaunchApplication -->
        <test-method signature="MyCallHistoryValidation(java.lang.String,java.lang.String,java.lang.String,java.lang.String,java.lang.String)[pri:1, instance:TestComponents.PolicyDetailsTestMethods@2445445a]" started-at="2024-08-14T10:09:01 IST" name="MyCallHistoryValidation" data-provider="PolicyData" finished-at="2024-08-14T10:09:27 IST" duration-ms="25965" status="PASS">
          <params>
            <param index="0">
              <value>
                <![CDATA[https://dev.pano.csr-portal.us.insurance.dxc.com/#/]]>
              </value>
            </param>
            <param index="1">
              <value>
                <![CDATA[csruser1]]>
              </value>
            </param>
            <param index="2">
              <value>
                <![CDATA[Csrpoc1*]]>
              </value>
            </param>
            <param index="3">
              <value>
                <![CDATA[https://dev.pano.csr-portal.us.insurance.dxc.com/contacts-call/bpocs/contacts?user_id=19821102]]>
              </value>
            </param>
            <param index="4">
              <value>
                <![CDATA[200]]>
              </value>
            </param>
          </params>
          <reporter-output>
          </reporter-output>
        </test-method> <!-- MyCallHistoryValidation -->
        <test-method is-config="true" signature="BrowserClose()[pri:0, instance:TestComponents.PolicyDetailsTestMethods@2445445a]" started-at="2024-08-14T10:09:27 IST" name="BrowserClose" finished-at="2024-08-14T10:09:27 IST" duration-ms="222" status="PASS">
          <reporter-output>
          </reporter-output>
        </test-method> <!-- BrowserClose -->
        <test-method is-config="true" signature="PanoLaunchApplication()[pri:0, instance:TestComponents.PolicyDetailsTestMethods@2445445a]" started-at="2024-08-14T10:09:27 IST" name="PanoLaunchApplication" finished-at="2024-08-14T10:09:29 IST" duration-ms="1700" status="PASS">
          <reporter-output>
          </reporter-output>
        </test-method> <!-- PanoLaunchApplication -->
        <test-method signature="SearchFunctionality(java.lang.String,java.lang.String,java.lang.String,java.lang.String,java.lang.String,java.lang.String)[pri:2, instance:TestComponents.PolicyDetailsTestMethods@2445445a]" started-at="2024-08-14T10:09:29 IST" name="SearchFunctionality" data-provider="PolicyData" finished-at="2024-08-14T10:10:12 IST" duration-ms="43358" status="PASS">
          <params>
            <param index="0">
              <value>
                <![CDATA[https://dev.pano.csr-portal.us.insurance.dxc.com/#/]]>
              </value>
            </param>
            <param index="1">
              <value>
                <![CDATA[csruser1]]>
              </value>
            </param>
            <param index="2">
              <value>
                <![CDATA[Csrpoc1*]]>
              </value>
            </param>
            <param index="3">
              <value>
                <![CDATA[209172873US]]>
              </value>
            </param>
            <param index="4">
              <value>
                <![CDATA[https://dev.pano.csr-portal.us.insurance.dxc.com/contacts-call/bpowex/searchContracts?query=209172873US]]>
              </value>
            </param>
            <param index="5">
              <value>
                <![CDATA[200]]>
              </value>
            </param>
          </params>
          <reporter-output>
          </reporter-output>
        </test-method> <!-- SearchFunctionality -->
        <test-method is-config="true" signature="BrowserClose()[pri:0, instance:TestComponents.PolicyDetailsTestMethods@2445445a]" started-at="2024-08-14T10:10:12 IST" name="BrowserClose" finished-at="2024-08-14T10:10:12 IST" duration-ms="175" status="PASS">
          <reporter-output>
          </reporter-output>
        </test-method> <!-- BrowserClose -->
        <test-method is-config="true" signature="PanoLaunchApplication()[pri:0, instance:TestComponents.PolicyDetailsTestMethods@2445445a]" started-at="2024-08-14T10:10:12 IST" name="PanoLaunchApplication" finished-at="2024-08-14T10:10:14 IST" duration-ms="1589" status="PASS">
          <reporter-output>
          </reporter-output>
        </test-method> <!-- PanoLaunchApplication -->
        <test-method signature="PolicyContractDetails(java.lang.String,java.lang.String,java.lang.String,java.lang.String,java.lang.String,java.lang.String)[pri:3, instance:TestComponents.PolicyDetailsTestMethods@2445445a]" started-at="2024-08-14T10:10:14 IST" name="PolicyContractDetails" data-provider="PolicyData" finished-at="2024-08-14T10:11:41 IST" depends-on-methods="TestComponents.PolicyDetailsTestMethods.SearchFunctionality" duration-ms="87540" status="PASS">
          <params>
            <param index="0">
              <value>
                <![CDATA[https://dev.pano.csr-portal.us.insurance.dxc.com/#/]]>
              </value>
            </param>
            <param index="1">
              <value>
                <![CDATA[csruser1]]>
              </value>
            </param>
            <param index="2">
              <value>
                <![CDATA[Csrpoc1*]]>
              </value>
            </param>
            <param index="3">
              <value>
                <![CDATA[209172873US]]>
              </value>
            </param>
            <param index="4">
              <value>
                <![CDATA[https://dev.pano.csr-portal.us.insurance.dxc.com/contracts/pano-conv-sit/contracts/Ny9vZEpBWmcvNklpaHhDL1Fwa1A3THl3SzdmajFrcm9QNm5jTmlBdkQzOD0=]]>
              </value>
            </param>
            <param index="5">
              <value>
                <![CDATA[200]]>
              </value>
            </param>
          </params>
          <reporter-output>
          </reporter-output>
        </test-method> <!-- PolicyContractDetails -->
        <test-method is-config="true" signature="BrowserClose()[pri:0, instance:TestComponents.PolicyDetailsTestMethods@2445445a]" started-at="2024-08-14T10:11:41 IST" name="BrowserClose" finished-at="2024-08-14T10:11:42 IST" duration-ms="187" status="PASS">
          <reporter-output>
          </reporter-output>
        </test-method> <!-- BrowserClose -->
        <test-method is-config="true" signature="Afterclass()[pri:0, instance:TestComponents.PolicyDetailsTestMethods@2445445a]" started-at="2024-08-14T10:11:42 IST" name="Afterclass" finished-at="2024-08-14T10:11:46 IST" duration-ms="4348" status="PASS">
          <reporter-output>
          </reporter-output>
        </test-method> <!-- Afterclass -->
      </class> <!-- TestComponents.PolicyDetailsTestMethods -->
    </test> <!-- Test -->
  </suite> <!-- Suite -->
</testng-results>
